Determining if the pthread_create exist failed with the following output:
Change Dir: /home/bill/Desktop/drone_practice/catkin_ws/build/catkin_tools_prebuild/CMakeFiles/CMakeTmp

Run Build Command:"/usr/bin/make" "cmTC_88dc4/fast"
/usr/bin/make -f CMakeFiles/cmTC_88dc4.dir/build.make CMakeFiles/cmTC_88dc4.dir/build
make[1]: Entering directory '/home/bill/Desktop/drone_practice/catkin_ws/build/catkin_tools_prebuild/CMakeFiles/CMakeTmp'
Building C object CMakeFiles/cmTC_88dc4.dir/CheckSymbolExists.c.o
/home/linuxbrew/.linuxbrew/bin/cc    -o CMakeFiles/cmTC_88dc4.dir/CheckSymbolExists.c.o   -c /home/bill/Desktop/drone_practice/catkin_ws/build/catkin_tools_prebuild/CMakeFiles/CMakeTmp/CheckSymbolExists.c
Linking C executable cmTC_88dc4
/usr/bin/cmake -E cmake_link_script CMakeFiles/cmTC_88dc4.dir/link.txt --verbose=1
/home/linuxbrew/.linuxbrew/bin/cc      -rdynamic CMakeFiles/cmTC_88dc4.dir/CheckSymbolExists.c.o  -o cmTC_88dc4 
CMakeFiles/cmTC_88dc4.dir/CheckSymbolExists.c.o: In function `main':
CheckSymbolExists.c:(.text+0x16): undefined reference to `pthread_create'
collect2: error: ld returned 1 exit status
CMakeFiles/cmTC_88dc4.dir/build.make:97: recipe for target 'cmTC_88dc4' failed
make[1]: *** [cmTC_88dc4] Error 1
make[1]: Leaving directory '/home/bill/Desktop/drone_practice/catkin_ws/build/catkin_tools_prebuild/CMakeFiles/CMakeTmp'
Makefile:126: recipe for target 'cmTC_88dc4/fast' failed
make: *** [cmTC_88dc4/fast] Error 2

File /home/bill/Desktop/drone_practice/catkin_ws/build/catkin_tools_prebuild/CMakeFiles/CMakeTmp/CheckSymbolExists.c:
/* */
#include <pthread.h>

int main(int argc, char** argv)
{
  (void)argv;
#ifndef pthread_create
  return ((int*)(&pthread_create))[argc];
#else
  (void)argc;
  return 0;
#endif
}

Determining if the function pthread_create exists in the pthreads failed with the following output:
Change Dir: /home/bill/Desktop/drone_practice/catkin_ws/build/catkin_tools_prebuild/CMakeFiles/CMakeTmp

Run Build Command:"/usr/bin/make" "cmTC_27664/fast"
/usr/bin/make -f CMakeFiles/cmTC_27664.dir/build.make CMakeFiles/cmTC_27664.dir/build
make[1]: Entering directory '/home/bill/Desktop/drone_practice/catkin_ws/build/catkin_tools_prebuild/CMakeFiles/CMakeTmp'
Building C object CMakeFiles/cmTC_27664.dir/CheckFunctionExists.c.o
/home/linuxbrew/.linuxbrew/bin/cc   -DCHECK_FUNCTION_EXISTS=pthread_create   -o CMakeFiles/cmTC_27664.dir/CheckFunctionExists.c.o   -c /usr/share/cmake-3.10/Modules/CheckFunctionExists.c
Linking C executable cmTC_27664
/usr/bin/cmake -E cmake_link_script CMakeFiles/cmTC_27664.dir/link.txt --verbose=1
/home/linuxbrew/.linuxbrew/bin/cc  -DCHECK_FUNCTION_EXISTS=pthread_create    -rdynamic CMakeFiles/cmTC_27664.dir/CheckFunctionExists.c.o  -o cmTC_27664 -lpthreads 
/usr/bin/ld: cannot find -lpthreads
collect2: error: ld returned 1 exit status
CMakeFiles/cmTC_27664.dir/build.make:97: recipe for target 'cmTC_27664' failed
make[1]: *** [cmTC_27664] Error 1
make[1]: Leaving directory '/home/bill/Desktop/drone_practice/catkin_ws/build/catkin_tools_prebuild/CMakeFiles/CMakeTmp'
Makefile:126: recipe for target 'cmTC_27664/fast' failed
make: *** [cmTC_27664/fast] Error 2


