Determining if the pthread_create exist failed with the following output:
Change Dir: /home/bill/Desktop/drone_practice/catkin_ws/build/h264_image_transport/CMakeFiles/CMakeTmp

Run Build Command:"/usr/bin/make" "cmTC_2ecb6/fast"
/usr/bin/make -f CMakeFiles/cmTC_2ecb6.dir/build.make CMakeFiles/cmTC_2ecb6.dir/build
make[1]: Entering directory '/home/bill/Desktop/drone_practice/catkin_ws/build/h264_image_transport/CMakeFiles/CMakeTmp'
Building C object CMakeFiles/cmTC_2ecb6.dir/CheckSymbolExists.c.o
/home/linuxbrew/.linuxbrew/bin/cc    -o CMakeFiles/cmTC_2ecb6.dir/CheckSymbolExists.c.o   -c /home/bill/Desktop/drone_practice/catkin_ws/build/h264_image_transport/CMakeFiles/CMakeTmp/CheckSymbolExists.c
Linking C executable cmTC_2ecb6
/usr/bin/cmake -E cmake_link_script CMakeFiles/cmTC_2ecb6.dir/link.txt --verbose=1
/home/linuxbrew/.linuxbrew/bin/cc      -rdynamic CMakeFiles/cmTC_2ecb6.dir/CheckSymbolExists.c.o  -o cmTC_2ecb6 
CMakeFiles/cmTC_2ecb6.dir/CheckSymbolExists.c.o: In function `main':
CheckSymbolExists.c:(.text+0x16): undefined reference to `pthread_create'
collect2: error: ld returned 1 exit status
CMakeFiles/cmTC_2ecb6.dir/build.make:97: recipe for target 'cmTC_2ecb6' failed
make[1]: *** [cmTC_2ecb6] Error 1
make[1]: Leaving directory '/home/bill/Desktop/drone_practice/catkin_ws/build/h264_image_transport/CMakeFiles/CMakeTmp'
Makefile:126: recipe for target 'cmTC_2ecb6/fast' failed
make: *** [cmTC_2ecb6/fast] Error 2

File /home/bill/Desktop/drone_practice/catkin_ws/build/h264_image_transport/CMakeFiles/CMakeTmp/CheckSymbolExists.c:
/* */
#include <pthread.h>

int main(int argc, char** argv)
{
  (void)argv;
#ifndef pthread_create
  return ((int*)(&pthread_create))[argc];
#else
  (void)argc;
  return 0;
#endif
}

Determining if the function pthread_create exists in the pthreads failed with the following output:
Change Dir: /home/bill/Desktop/drone_practice/catkin_ws/build/h264_image_transport/CMakeFiles/CMakeTmp

Run Build Command:"/usr/bin/make" "cmTC_3d094/fast"
/usr/bin/make -f CMakeFiles/cmTC_3d094.dir/build.make CMakeFiles/cmTC_3d094.dir/build
make[1]: Entering directory '/home/bill/Desktop/drone_practice/catkin_ws/build/h264_image_transport/CMakeFiles/CMakeTmp'
Building C object CMakeFiles/cmTC_3d094.dir/CheckFunctionExists.c.o
/home/linuxbrew/.linuxbrew/bin/cc   -DCHECK_FUNCTION_EXISTS=pthread_create   -o CMakeFiles/cmTC_3d094.dir/CheckFunctionExists.c.o   -c /usr/share/cmake-3.10/Modules/CheckFunctionExists.c
Linking C executable cmTC_3d094
/usr/bin/cmake -E cmake_link_script CMakeFiles/cmTC_3d094.dir/link.txt --verbose=1
/home/linuxbrew/.linuxbrew/bin/cc  -DCHECK_FUNCTION_EXISTS=pthread_create    -rdynamic CMakeFiles/cmTC_3d094.dir/CheckFunctionExists.c.o  -o cmTC_3d094 -lpthreads 
/usr/bin/ld: cannot find -lpthreads
collect2: error: ld returned 1 exit status
CMakeFiles/cmTC_3d094.dir/build.make:97: recipe for target 'cmTC_3d094' failed
make[1]: *** [cmTC_3d094] Error 1
make[1]: Leaving directory '/home/bill/Desktop/drone_practice/catkin_ws/build/h264_image_transport/CMakeFiles/CMakeTmp'
Makefile:126: recipe for target 'cmTC_3d094/fast' failed
make: *** [cmTC_3d094/fast] Error 2


